# JRE version: OpenJDK Runtime Environment Temurin-21.0.8+9 (21.0.8+9) (build 21.0.8+9-LTS)
# Java VM: OpenJDK 64-Bit Server VM Temurin-21.0.8+9 (21.0.8+9-LTS, mixed mode, sharing, tiered, compressed oops, compressed class ptrs, parallel gc, windows-amd64)
GC Precious Log:
 CardTable entry size: 512
 CPUs: 2 total, 2 available
 Memory: 3737M
 Large Page Support: Disabled
 NUMA Support: Disabled
 Compressed Oops: Enabled (32-bit)
 Alignments: Space 512K, Generation 512K, Heap 2M
 Heap Min Capacity: 100M
 Heap Initial Capacity: 100M
 Heap Max Capacity: 2G
 Pre-touch: Disabled
 Parallel Workers: 2
Heap:
 PSYoungGen      total 5632K, used 4429K [0x00000000d5580000, 0x00000000d5d00000, 0x0000000100000000)
  eden space 4608K, 75% used [0x00000000d5580000,0x00000000d58e6310,0x00000000d5a00000)
  from space 1024K, 92% used [0x00000000d5a80000,0x00000000d5b6d368,0x00000000d5b80000)
  to   space 1536K, 0% used [0x00000000d5b80000,0x00000000d5b80000,0x00000000d5d00000)
 ParOldGen       total 508416K, used 508215K [0x0000000080000000, 0x000000009f080000, 0x00000000d5580000)
  object space 508416K, 99% used [0x0000000080000000,0x000000009f04dc98,0x000000009f080000)
 Metaspace       used 68838K, committed 70272K, reserved 1114112K
  class space    used 7279K, committed 7936K, reserved 1048576K
GC Heap History (20 events):
Event: 472.286 GC heap before
{Heap before GC invocations=365 (full 3):
 PSYoungGen      total 9728K, used 9412K [0x00000000d5580000, 0x00000000d6480000, 0x0000000100000000)
  eden space 5632K, 100% used [0x00000000d5580000,0x00000000d5b00000,0x00000000d5b00000)
  from space 4096K, 92% used [0x00000000d5b00000,0x00000000d5eb1268,0x00000000d5f00000)
  to   space 4096K, 0% used [0x00000000d6080000,0x00000000d6080000,0x00000000d6480000)
 ParOldGen       total 490496K, used 490113K [0x0000000080000000, 0x000000009df00000, 0x00000000d5580000)
  object space 490496K, 99% used [0x0000000080000000,0x000000009dea0440,0x000000009df00000)
 Metaspace       used 67726K, committed 69184K, reserved 1114112K
  class space    used 7172K, committed 7808K, reserved 1048576K
}
Event: 472.305 GC heap after
{Heap after GC invocations=365 (full 3):
 PSYoungGen      total 6144K, used 4096K [0x00000000d5580000, 0x00000000d6e80000, 0x0000000100000000)
  eden space 2048K, 0% used [0x00000000d5580000,0x00000000d5580000,0x00000000d5780000)
  from space 4096K, 100% used [0x00000000d6080000,0x00000000d6480000,0x00000000d6480000)
  to   space 9216K, 0% used [0x00000000d5780000,0x00000000d5780000,0x00000000d6080000)
 ParOldGen       total 494080K, used 494021K [0x0000000080000000, 0x000000009e280000, 0x00000000d5580000)
  object space 494080K, 99% used [0x0000000080000000,0x000000009e2716a8,0x000000009e280000)
 Metaspace       used 67726K, committed 69184K, reserved 1114112K
  class space    used 7172K, committed 7808K, reserved 1048576K
}
Event: 472.311 GC heap before
{Heap before GC invocations=366 (full 3):
 PSYoungGen      total 6144K, used 6144K [0x00000000d5580000, 0x00000000d6e80000, 0x0000000100000000)
  eden space 2048K, 100% used [0x00000000d5580000,0x00000000d5780000,0x00000000d5780000)
  from space 4096K, 100% used [0x00000000d6080000,0x00000000d6480000,0x00000000d6480000)
  to   space 9216K, 0% used [0x00000000d5780000,0x00000000d5780000,0x00000000d6080000)
 ParOldGen       total 494080K, used 494021K [0x0000000080000000, 0x000000009e280000, 0x00000000d5580000)
  object space 494080K, 99% used [0x0000000080000000,0x000000009e2716a8,0x000000009e280000)
 Metaspace       used 67726K, committed 69184K, reserved 1114112K
  class space    used 7172K, committed 7808K, reserved 1048576K
}
Event: 472.327 GC heap after
{Heap after GC invocations=366 (full 3):
 PSYoungGen      total 4096K, used 1600K [0x00000000d5580000, 0x00000000d6100000, 0x0000000100000000)
  eden space 2048K, 0% used [0x00000000d5580000,0x00000000d5580000,0x00000000d5780000)
  from space 2048K, 78% used [0x00000000d5780000,0x00000000d5910000,0x00000000d5980000)
  to   space 4096K, 0% used [0x00000000d5d00000,0x00000000d5d00000,0x00000000d6100000)
 ParOldGen       total 498176K, used 498141K [0x0000000080000000, 0x000000009e680000, 0x00000000d5580000)
  object space 498176K, 99% used [0x0000000080000000,0x000000009e6776a8,0x000000009e680000)
 Metaspace       used 67726K, committed 69184K, reserved 1114112K
  class space    used 7172K, committed 7808K, reserved 1048576K
}
Event: 472.333 GC heap before
{Heap before GC invocations=367 (full 3):
 PSYoungGen      total 4096K, used 3648K [0x00000000d5580000, 0x00000000d6100000, 0x0000000100000000)
  eden space 2048K, 100% used [0x00000000d5580000,0x00000000d5780000,0x00000000d5780000)
  from space 2048K, 78% used [0x00000000d5780000,0x00000000d5910000,0x00000000d5980000)
  to   space 4096K, 0% used [0x00000000d5d00000,0x00000000d5d00000,0x00000000d6100000)
 ParOldGen       total 498176K, used 498141K [0x0000000080000000, 0x000000009e680000, 0x00000000d5580000)
  object space 498176K, 99% used [0x0000000080000000,0x000000009e6776a8,0x000000009e680000)
 Metaspace       used 67726K, committed 69184K, reserved 1114112K
  class space    used 7172K, committed 7808K, reserved 1048576K
}
Event: 472.341 GC heap after
{Heap after GC invocations=367 (full 3):
 PSYoungGen      total 4608K, used 1568K [0x00000000d5580000, 0x00000000d5f00000, 0x0000000100000000)
  eden space 2560K, 0% used [0x00000000d5580000,0x00000000d5580000,0x00000000d5800000)
  from space 2048K, 76% used [0x00000000d5d00000,0x00000000d5e88000,0x00000000d5f00000)
  to   space 2048K, 0% used [0x00000000d5b00000,0x00000000d5b00000,0x00000000d5d00000)
 ParOldGen       total 500224K, used 499725K [0x0000000080000000, 0x000000009e880000, 0x00000000d5580000)
  object space 500224K, 99% used [0x0000000080000000,0x000000009e8036a8,0x000000009e880000)
 Metaspace       used 67726K, committed 69184K, reserved 1114112K
  class space    used 7172K, committed 7808K, reserved 1048576K
}
Event: 472.403 GC heap before
{Heap before GC invocations=368 (full 3):
 PSYoungGen      total 4608K, used 4127K [0x00000000d5580000, 0x00000000d5f00000, 0x0000000100000000)
  eden space 2560K, 99% used [0x00000000d5580000,0x00000000d57ffff8,0x00000000d5800000)
  from space 2048K, 76% used [0x00000000d5d00000,0x00000000d5e88000,0x00000000d5f00000)
  to   space 2048K, 0% used [0x00000000d5b00000,0x00000000d5b00000,0x00000000d5d00000)
 ParOldGen       total 500224K, used 499725K [0x0000000080000000, 0x000000009e880000, 0x00000000d5580000)
  object space 500224K, 99% used [0x0000000080000000,0x000000009e8036a8,0x000000009e880000)
 Metaspace       used 67818K, committed 69248K, reserved 1114112K
  class space    used 7177K, committed 7808K, reserved 1048576K
}
Event: 472.412 GC heap after
{Heap after GC invocations=368 (full 3):
 PSYoungGen      total 4608K, used 1184K [0x00000000d5580000, 0x00000000d5d80000, 0x0000000100000000)
  eden space 3072K, 0% used [0x00000000d5580000,0x00000000d5580000,0x00000000d5880000)
  from space 1536K, 77% used [0x00000000d5b00000,0x00000000d5c28000,0x00000000d5c80000)
  to   space 1024K, 0% used [0x00000000d5c80000,0x00000000d5c80000,0x00000000d5d80000)
 ParOldGen       total 501760K, used 501277K [0x0000000080000000, 0x000000009ea00000, 0x00000000d5580000)
  object space 501760K, 99% used [0x0000000080000000,0x000000009e9876a8,0x000000009ea00000)
 Metaspace       used 67818K, committed 69248K, reserved 1114112K
  class space    used 7177K, committed 7808K, reserved 1048576K
}
Event: 472.426 GC heap before
{Heap before GC invocations=369 (full 3):
 PSYoungGen      total 4608K, used 4256K [0x00000000d5580000, 0x00000000d5d80000, 0x0000000100000000)
  eden space 3072K, 100% used [0x00000000d5580000,0x00000000d5880000,0x00000000d5880000)
  from space 1536K, 77% used [0x00000000d5b00000,0x00000000d5c28000,0x00000000d5c80000)
  to   space 1024K, 0% used [0x00000000d5c80000,0x00000000d5c80000,0x00000000d5d80000)
 ParOldGen       total 501760K, used 501277K [0x0000000080000000, 0x000000009ea00000, 0x00000000d5580000)
  object space 501760K, 99% used [0x0000000080000000,0x000000009e9876a8,0x000000009ea00000)
 Metaspace       used 67818K, committed 69248K, reserved 1114112K
  class space    used 7177K, committed 7808K, reserved 1048576K
}
Event: 472.437 GC heap after
{Heap after GC invocations=369 (full 3):
 PSYoungGen      total 4096K, used 995K [0x00000000d5580000, 0x00000000d6180000, 0x0000000100000000)
  eden space 3072K, 0% used [0x00000000d5580000,0x00000000d5580000,0x00000000d5880000)
  from space 1024K, 97% used [0x00000000d5c80000,0x00000000d5d78de8,0x00000000d5d80000)
  to   space 4096K, 0% used [0x00000000d5880000,0x00000000d5880000,0x00000000d5c80000)
 ParOldGen       total 503808K, used 503797K [0x0000000080000000, 0x000000009ec00000, 0x00000000d5580000)
  object space 503808K, 99% used [0x0000000080000000,0x000000009ebfd6a8,0x000000009ec00000)
 Metaspace       used 67818K, committed 69248K, reserved 1114112K
  class space    used 7177K, committed 7808K, reserved 1048576K
}
Event: 472.451 GC heap before
{Heap before GC invocations=370 (full 3):
 PSYoungGen      total 4096K, used 4067K [0x00000000d5580000, 0x00000000d6180000, 0x0000000100000000)
  eden space 3072K, 100% used [0x00000000d5580000,0x00000000d5880000,0x00000000d5880000)
  from space 1024K, 97% used [0x00000000d5c80000,0x00000000d5d78de8,0x00000000d5d80000)
  to   space 4096K, 0% used [0x00000000d5880000,0x00000000d5880000,0x00000000d5c80000)
 ParOldGen       total 503808K, used 503797K [0x0000000080000000, 0x000000009ec00000, 0x00000000d5580000)
  object space 503808K, 99% used [0x0000000080000000,0x000000009ebfd6a8,0x000000009ec00000)
 Metaspace       used 67818K, committed 69248K, reserved 1114112K
  class space    used 7177K, committed 7808K, reserved 1048576K
}
Event: 472.462 GC heap after
{Heap after GC invocations=370 (full 3):
 PSYoungGen      total 7168K, used 2371K [0x00000000d5580000, 0x00000000d5f80000, 0x0000000100000000)
  eden space 3072K, 0% used [0x00000000d5580000,0x00000000d5580000,0x00000000d5880000)
  from space 4096K, 57% used [0x00000000d5880000,0x00000000d5ad0de0,0x00000000d5c80000)
  to   space 3072K, 0% used [0x00000000d5c80000,0x00000000d5c80000,0x00000000d5f80000)
 ParOldGen       total 504832K, used 504759K [0x0000000080000000, 0x000000009ed00000, 0x00000000d5580000)
  object space 504832K, 99% used [0x0000000080000000,0x000000009ecedd98,0x000000009ed00000)
 Metaspace       used 67818K, committed 69248K, reserved 1114112K
  class space    used 7177K, committed 7808K, reserved 1048576K
}
Event: 473.238 GC heap before
{Heap before GC invocations=371 (full 3):
 PSYoungGen      total 7168K, used 5430K [0x00000000d5580000, 0x00000000d5f80000, 0x0000000100000000)
  eden space 3072K, 99% used [0x00000000d5580000,0x00000000d587cd70,0x00000000d5880000)
  from space 4096K, 57% used [0x00000000d5880000,0x00000000d5ad0de0,0x00000000d5c80000)
  to   space 3072K, 0% used [0x00000000d5c80000,0x00000000d5c80000,0x00000000d5f80000)
 ParOldGen       total 504832K, used 504759K [0x0000000080000000, 0x000000009ed00000, 0x00000000d5580000)
  object space 504832K, 99% used [0x0000000080000000,0x000000009ecedd98,0x000000009ed00000)
 Metaspace       used 68064K, committed 69504K, reserved 1114112K
  class space    used 7197K, committed 7872K, reserved 1048576K
}
Event: 473.253 GC heap after
{Heap after GC invocations=371 (full 3):
 PSYoungGen      total 4608K, used 416K [0x00000000d5580000, 0x00000000d5d00000, 0x0000000100000000)
  eden space 4096K, 0% used [0x00000000d5580000,0x00000000d5580000,0x00000000d5980000)
  from space 512K, 81% used [0x00000000d5c80000,0x00000000d5ce8000,0x00000000d5d00000)
  to   space 1536K, 0% used [0x00000000d5a00000,0x00000000d5a00000,0x00000000d5b80000)
 ParOldGen       total 507392K, used 506999K [0x0000000080000000, 0x000000009ef80000, 0x00000000d5580000)
  object space 507392K, 99% used [0x0000000080000000,0x000000009ef1dd98,0x000000009ef80000)
 Metaspace       used 68064K, committed 69504K, reserved 1114112K
  class space    used 7197K, committed 7872K, reserved 1048576K
}
Event: 474.870 GC heap before
{Heap before GC invocations=372 (full 3):
 PSYoungGen      total 4608K, used 4512K [0x00000000d5580000, 0x00000000d5d00000, 0x0000000100000000)
  eden space 4096K, 100% used [0x00000000d5580000,0x00000000d5980000,0x00000000d5980000)
  from space 512K, 81% used [0x00000000d5c80000,0x00000000d5ce8000,0x00000000d5d00000)
  to   space 1536K, 0% used [0x00000000d5a00000,0x00000000d5a00000,0x00000000d5b80000)
 ParOldGen       total 507392K, used 506999K [0x0000000080000000, 0x000000009ef80000, 0x00000000d5580000)
  object space 507392K, 99% used [0x0000000080000000,0x000000009ef1dd98,0x000000009ef80000)
 Metaspace       used 68104K, committed 69568K, reserved 1114112K
  class space    used 7198K, committed 7872K, reserved 1048576K
}
Event: 474.877 GC heap after
{Heap after GC invocations=372 (full 3):
 PSYoungGen      total 6144K, used 1216K [0x00000000d5580000, 0x00000000d5d80000, 0x0000000100000000)
  eden space 4608K, 0% used [0x00000000d5580000,0x00000000d5580000,0x00000000d5a00000)
  from space 1536K, 79% used [0x00000000d5a00000,0x00000000d5b30000,0x00000000d5b80000)
  to   space 1536K, 0% used [0x00000000d5c00000,0x00000000d5c00000,0x00000000d5d80000)
 ParOldGen       total 507392K, used 507359K [0x0000000080000000, 0x000000009ef80000, 0x00000000d5580000)
  object space 507392K, 99% used [0x0000000080000000,0x000000009ef77d98,0x000000009ef80000)
 Metaspace       used 68104K, committed 69568K, reserved 1114112K
  class space    used 7198K, committed 7872K, reserved 1048576K
}
Event: 475.284 GC heap before
{Heap before GC invocations=373 (full 3):
 PSYoungGen      total 6144K, used 5819K [0x00000000d5580000, 0x00000000d5d80000, 0x0000000100000000)
  eden space 4608K, 99% used [0x00000000d5580000,0x00000000d59fecc8,0x00000000d5a00000)
  from space 1536K, 79% used [0x00000000d5a00000,0x00000000d5b30000,0x00000000d5b80000)
  to   space 1536K, 0% used [0x00000000d5c00000,0x00000000d5c00000,0x00000000d5d80000)
 ParOldGen       total 507392K, used 507359K [0x0000000080000000, 0x000000009ef80000, 0x00000000d5580000)
  object space 507392K, 99% used [0x0000000080000000,0x000000009ef77d98,0x000000009ef80000)
 Metaspace       used 68513K, committed 69952K, reserved 1114112K
  class space    used 7241K, committed 7872K, reserved 1048576K
}
Event: 475.289 GC heap after
{Heap after GC invocations=373 (full 3):
 PSYoungGen      total 5120K, used 128K [0x00000000d5580000, 0x00000000d5c80000, 0x0000000100000000)
  eden space 4608K, 0% used [0x00000000d5580000,0x00000000d5580000,0x00000000d5a00000)
  from space 512K, 25% used [0x00000000d5c00000,0x00000000d5c20000,0x00000000d5c80000)
  to   space 1024K, 0% used [0x00000000d5a80000,0x00000000d5a80000,0x00000000d5b80000)
 ParOldGen       total 508416K, used 508063K [0x0000000080000000, 0x000000009f080000, 0x00000000d5580000)
  object space 508416K, 99% used [0x0000000080000000,0x000000009f027d98,0x000000009f080000)
 Metaspace       used 68513K, committed 69952K, reserved 1114112K
  class space    used 7241K, committed 7872K, reserved 1048576K
}
Event: 475.425 GC heap before
{Heap before GC invocations=374 (full 3):
 PSYoungGen      total 5120K, used 4661K [0x00000000d5580000, 0x00000000d5c80000, 0x0000000100000000)
  eden space 4608K, 98% used [0x00000000d5580000,0x00000000d59ed6f8,0x00000000d5a00000)
  from space 512K, 25% used [0x00000000d5c00000,0x00000000d5c20000,0x00000000d5c80000)
  to   space 1024K, 0% used [0x00000000d5a80000,0x00000000d5a80000,0x00000000d5b80000)
 ParOldGen       total 508416K, used 508063K [0x0000000080000000, 0x000000009f080000, 0x00000000d5580000)
  object space 508416K, 99% used [0x0000000080000000,0x000000009f027d98,0x000000009f080000)
 Metaspace       used 68649K, committed 70080K, reserved 1114112K
  class space    used 7266K, committed 7936K, reserved 1048576K
}
Event: 475.430 GC heap after
{Heap after GC invocations=374 (full 3):
 PSYoungGen      total 5632K, used 948K [0x00000000d5580000, 0x00000000d5d00000, 0x0000000100000000)
  eden space 4608K, 0% used [0x00000000d5580000,0x00000000d5580000,0x00000000d5a00000)
  from space 1024K, 92% used [0x00000000d5a80000,0x00000000d5b6d368,0x00000000d5b80000)
  to   space 1536K, 0% used [0x00000000d5b80000,0x00000000d5b80000,0x00000000d5d00000)
 ParOldGen       total 508416K, used 508215K [0x0000000080000000, 0x000000009f080000, 0x00000000d5580000)
  object space 508416K, 99% used [0x0000000080000000,0x000000009f04dc98,0x000000009f080000)
 Metaspace       used 68649K, committed 70080K, reserved 1114112K
  class space    used 7266K, committed 7936K, reserved 1048576K
}

